bigButtonAppWithSMS/build/outputs/logs/manifest-merger-debug-report.txt
-- Merging decision tree log ---
manifest
ADDED from src/main/AndroidManifest.xml:2:1-494:12
INJECTED from src/main/AndroidManifest.xml:2:1-494:12
INJECTED from src/main/AndroidManifest.xml:2:1-494:12
INJECTED from src/main/AndroidManifest.xml:2:1-494:12
MERGED from [com.android.support:multidex:1.0.2] AndroidManifest.xml:17:1-22:12
MERGED from [:pullToRefreshListView] AndroidManifest.xml:2:1-11:12
MERGED from [me.leolin:ShortcutBadger:1.1.16] AndroidManifest.xml:2:1-52:12
MERGED from [com.google.android.gms:play-services:11.6.0] AndroidManifest.xml:2:1-6:12
MERGED from [com.google.android.gms:play-services-awareness:11.6.0] AndroidManifest.xml:16:1-19:12
MERGED from [com.google.android.gms:play-services-places:11.6.0] AndroidManifest.xml:16:1-19:12
MERGED from [com.google.android.gms:play-services-wallet:11.6.0] AndroidManifest.xml:16:1-20:12
MERGED from [com.google.android.gms:play-services-maps:11.6.0] AndroidManifest.xml:16:1-25:12
MERGED from [com.google.android.gms:play-services-fitness:11.6.0] AndroidManifest.xml:16:1-19:12
MERGED from [com.google.android.gms:play-services-location:11.6.0] AndroidManifest.xml:2:1-5:12
MERGED from [com.google.android.gms:play-services-auth:11.6.0] AndroidManifest.xml:16:1-26:12
MERGED from [com.google.firebase:firebase-auth:11.6.0] AndroidManifest.xml:16:1-21:12
MERGED from [com.facebook.android:facebook-android-sdk:4.33.0] AndroidManifest.xml:21:1-31:12
MERGED from [com.android.support:recyclerview-v7:27.1.1] AndroidManifest.xml:17:1-22:12
MERGED from [com.google.firebase:firebase-core:11.6.0] AndroidManifest.xml:2:1-6:12
MERGED from [com.google.firebase:firebase-database:11.6.0] AndroidManifest.xml:2:1-4:12
MERGED from [com.github.wseemann:FFmpegMediaMetadataRetriever:1.0.14] AndroidManifest.xml:2:1-13:12
MERGED from [:library] AndroidManifest.xml:2:1-14:12
MERGED from [:actionSheetlibrary] AndroidManifest.xml:2:1-11:12
MERGED from [com.android.support.constraint:constraint-layout:1.1.0] AndroidManifest.xml:2:1-11:12
MERGED from [com.google.android.gms:play-services-auth-api-phone:11.6.0] AndroidManifest.xml:2:1-4:12
MERGED from [com.google.android.gms:play-services-auth-base:11.6.0] AndroidManifest.xml:2:1-5:12
MERGED from [com.google.android.gms:play-services-analytics:11.6.0] AndroidManifest.xml:16:1-33:12
MERGED from [com.google.android.gms:play-services-tagmanager:11.6.0] AndroidManifest.xml:16:1-18:12
MERGED from [com.google.android.gms:play-services-tagmanager-v4-impl:11.6.0] AndroidManifest.xml:16:1-20:12
MERGED from [com.google.android.gms:play-services-analytics-impl:11.6.0] AndroidManifest.xml:16:1-27:12
MERGED from [com.google.android.gms:play-services-appinvite:11.6.0] AndroidManifest.xml:16:1-27:12
MERGED from [com.google.android.gms:play-services-cast-framework:11.6.0] AndroidManifest.xml:2:1-9:12
MERGED from [com.google.android.gms:play-services-cast:11.6.0] AndroidManifest.xml:16:1-19:12
MERGED from [com.google.firebase:firebase-config:11.6.0] AndroidManifest.xml:16:1-19:12
MERGED from [com.google.android.gms:play-services-games:11.6.0] AndroidManifest.xml:16:1-19:12
MERGED from [com.google.android.gms:play-services-drive:11.6.0] AndroidManifest.xml:16:1-19:12
MERGED from [com.google.android.gms:play-services-fido:11.6.0] AndroidManifest.xml:2:1-7:12
MERGED from [com.google.firebase:firebase-dynamic-links:11.6.0] AndroidManifest.xml:2:1-6:12
MERGED from [com.google.android.gms:play-services-gcm:11.6.0] AndroidManifest.xml:16:1-24:12
MERGED from [com.google.firebase:firebase-appindexing:11.6.0] AndroidManifest.xml:16:1-19:12
MERGED from [com.google.android.gms:play-services-identity:11.6.0] AndroidManifest.xml:16:1-19:12
MERGED from [com.google.android.gms:play-services-iid:11.6.0] AndroidManifest.xml:16:1-24:12
MERGED from [com.google.android.gms:play-services-instantapps:11.6.0] AndroidManifest.xml:2:1-4:12
MERGED from [com.google.android.gms:play-services-nearby:11.6.0] AndroidManifest.xml:2:1-6:12
MERGED from [com.google.android.gms:play-services-panorama:11.6.0] AndroidManifest.xml:16:1-19:12
MERGED from [com.google.android.gms:play-services-plus:11.6.0] AndroidManifest.xml:16:1-19:12
MERGED from [com.google.android.gms:play-services-safetynet:11.6.0] AndroidManifest.xml:16:1-19:12
MERGED from [com.google.android.gms:play-services-vision:11.6.0] AndroidManifest.xml:2:1-5:12
MERGED from [com.google.android.gms:play-services-vision-common:11.6.0] AndroidManifest.xml:2:1-5:12
MERGED from [com.google.android.gms:play-services-wearable:11.6.0] AndroidManifest.xml:16:1-19:12
MERGED from [com.google.android.gms:play-services-base:11.6.0] AndroidManifest.xml:16:1-21:12
MERGED from [com.google.firebase:firebase-crash:11.6.0] AndroidManifest.xml:16:1-25:12
MERGED from [com.google.firebase:firebase-database-connection:11.6.0] AndroidManifest.xml:2:1-4:12
MERGED from [com.google.firebase:firebase-messaging:11.6.0] AndroidManifest.xml:16:1-30:12
MERGED from [com.google.android.gms:play-services-tagmanager-api:11.6.0] AndroidManifest.xml:16:1-34:12
MERGED from [com.google.firebase:firebase-analytics:11.6.0] AndroidManifest.xml:16:1-35:12
MERGED from [com.google.firebase:firebase-analytics-impl:11.6.0] AndroidManifest.xml:16:1-29:12
MERGED from [com.google.firebase:firebase-iid:11.6.0] AndroidManifest.xml:16:1-47:12
MERGED from [com.google.firebase:firebase-storage:11.6.0] AndroidManifest.xml:2:1-4:12
MERGED from [com.google.firebase:firebase-common:11.6.0] AndroidManifest.xml:2:1-8:12
MERGED from [com.google.android.gms:play-services-tasks:11.6.0] AndroidManifest.xml:2:1-5:12
MERGED from [com.google.android.gms:play-services-ads:11.6.0] AndroidManifest.xml:16:1-18:12
MERGED from [com.google.android.gms:play-services-ads-lite:11.6.0] AndroidManifest.xml:16:1-27:12
MERGED from [com.google.firebase:firebase-storage-common:11.6.0] AndroidManifest.xml:2:1-4:12
MERGED from [com.google.android.gms:play-services-gass:11.6.0] AndroidManifest.xml:2:1-5:12
MERGED from [com.google.android.gms:play-services-basement:11.6.0] AndroidManifest.xml:16:1-23:12
MERGED from [com.google.android.gms:play-services-maps-license:11.6.0] AndroidManifest.xml:2:1-6:12
MERGED from [com.google.android.gms:play-services-location-license:11.6.0] AndroidManifest.xml:2:1-6:12
MERGED from [com.google.firebase:firebase-auth-license:11.6.0] AndroidManifest.xml:2:1-6:12
MERGED from [com.facebook.android:facebook-login:4.33.0] AndroidManifest.xml:21:1-31:12
MERGED from [com.facebook.android:facebook-share:4.33.0] AndroidManifest.xml:21:1-31:12
MERGED from [com.facebook.android:facebook-common:4.33.0] AndroidManifest.xml:21:1-36:12
MERGED from [com.facebook.android:facebook-places:4.33.0] AndroidManifest.xml:21:1-31:12
MERGED from [com.facebook.android:facebook-applinks:4.33.0] AndroidManifest.xml:21:1-31:12
MERGED from [com.facebook.android:facebook-messenger:4.33.0] AndroidManifest.xml:21:1-31:12
MERGED from [com.facebook.android:facebook-core:4.33.0] AndroidManifest.xml:21:1-53:12
MERGED from [com.android.support:cardview-v7:27.0.2] AndroidManifest.xml:17:1-22:12
MERGED from [com.android.support:customtabs:27.0.2] AndroidManifest.xml:17:1-22:12
MERGED from [com.android.support:support-v4:27.0.2] AndroidManifest.xml:17:1-22:12
MERGED from [com.android.support:support-media-compat:27.0.2] AndroidManifest.xml:17:1-22:12
MERGED from [com.android.support:mediarouter-v7:25.2.0] AndroidManifest.xml:17:1-24:12
MERGED from [com.android.support:appcompat-v7:27.0.2] AndroidManifest.xml:17:1-22:12
MERGED from [com.android.support:support-fragment:27.0.2] AndroidManifest.xml:17:1-22:12
MERGED from [com.android.support:palette-v7:25.2.0] AndroidManifest.xml:17:1-25:12
MERGED from [com.android.support:animated-vector-drawable:27.0.2] AndroidManifest.xml:17:1-22:12
MERGED from [com.android.support:support-core-ui:27.1.1] AndroidManifest.xml:17:1-22:12
MERGED from [com.android.support:support-core-utils:27.1.1] AndroidManifest.xml:17:1-22:12
MERGED from [com.android.support:support-vector-drawable:27.0.2] AndroidManifest.xml:17:1-22:12
MERGED from [com.android.support:support-compat:27.1.1] AndroidManifest.xml:17:1-22:12
MERGED from [com.google.firebase:firebase-database-license:11.6.0] AndroidManifest.xml:2:1-6:12
MERGED from [com.google.android.gms:play-services-base-license:11.6.0] AndroidManifest.xml:2:1-6:12
MERGED from [com.google.android.gms:play-services-basement-license:11.6.0] AndroidManifest.xml:2:1-6:12
MERGED from [com.google.android.gms:play-services-tasks-license:11.6.0] AndroidManifest.xml:2:1-6:12
MERGED from [com.google.android.gms:play-services-auth-api-phone-license:11.6.0] AndroidManifest.xml:2:1-6:12
MERGED from [com.google.android.gms:play-services-auth-base-license:11.6.0] AndroidManifest.xml:2:1-6:12
MERGED from [com.google.firebase:firebase-common-license:11.6.0] AndroidManifest.xml:2:1-6:12
MERGED from [android.arch.lifecycle:runtime:1.1.0] AndroidManifest.xml:17:1-22:12
MERGED from [com.google.android.gms:play-services-ads-license:11.6.0] AndroidManifest.xml:2:1-6:12
MERGED from [com.google.android.gms:play-services-ads-lite-license:11.6.0] AndroidManifest.xml:2:1-6:12
MERGED from [com.google.android.gms:play-services-analytics-license:11.6.0] AndroidManifest.xml:2:1-6:12
MERGED from [com.google.android.gms:play-services-analytics-impl-license:11.6.0] AndroidManifest.xml:2:1-6:12
MERGED from [com.google.android.gms:play-services-appinvite-license:11.6.0] AndroidManifest.xml:2:1-6:12
MERGED from [com.google.android.gms:play-services-cast-framework-license:11.6.0] AndroidManifest.xml:2:1-6:12
MERGED from [com.google.android.gms:play-services-cast-license:11.6.0] AndroidManifest.xml:2:1-6:12
MERGED from [com.google.firebase:firebase-config-license:11.6.0] AndroidManifest.xml:2:1-6:12
MERGED from [com.google.android.gms:play-services-awareness-license:11.6.0] AndroidManifest.xml:2:1-6:12
MERGED from [com.google.firebase:firebase-crash-license:11.6.0] AndroidManifest.xml:2:1-6:12
MERGED from [com.google.android.gms:play-services-drive-license:11.6.0] AndroidManifest.xml:2:1-6:12
MERGED from [com.google.android.gms:play-services-fido-license:11.6.0] AndroidManifest.xml:2:1-6:12
MERGED from [com.google.firebase:firebase-database-connection-license:11.6.0] AndroidManifest.xml:2:1-6:12
MERGED from [com.google.firebase:firebase-dynamic-links-license:11.6.0] AndroidManifest.xml:2:1-6:12
MERGED from [com.google.firebase:firebase-iid-license:11.6.0] AndroidManifest.xml:2:1-6:12
MERGED from [com.google.firebase:firebase-messaging-license:11.6.0] AndroidManifest.xml:2:1-6:12
MERGED from [com.google.firebase:firebase-storage-license:11.6.0] AndroidManifest.xml:2:1-6:12
MERGED from [com.google.firebase:firebase-storage-common-license:11.6.0] AndroidManifest.xml:2:1-6:12
MERGED from [com.google.android.gms:play-services-fitness-license:11.6.0] AndroidManifest.xml:2:1-6:12
MERGED from [com.google.android.gms:play-services-games-license:11.6.0] AndroidManifest.xml:2:1-6:12
MERGED from [com.google.android.gms:play-services-gass-license:11.6.0] AndroidManifest.xml:2:1-6:12
MERGED from [com.google.android.gms:play-services-gcm-license:11.6.0] AndroidManifest.xml:2:1-6:12
MERGED from [com.google.firebase:firebase-appindexing-license:11.6.0] AndroidManifest.xml:2:1-6:12
MERGED from [com.google.android.gms:play-services-identity-license:11.6.0] AndroidManifest.xml:2:1-6:12
MERGED from [com.google.android.gms:play-services-iid-license:11.6.0] AndroidManifest.xml:2:1-6:12
MERGED from [com.google.android.gms:play-services-instantapps-license:11.6.0] AndroidManifest.xml:2:1-6:12
MERGED from [com.google.firebase:firebase-analytics-license:11.6.0] AndroidManifest.xml:2:1-6:12
MERGED from [com.google.firebase:firebase-analytics-impl-license:11.6.0] AndroidManifest.xml:2:1-6:12
MERGED from [com.google.android.gms:play-services-nearby-license:11.6.0] AndroidManifest.xml:2:1-6:12
MERGED from [com.google.android.gms:play-services-panorama-license:11.6.0] AndroidManifest.xml:2:1-6:12
MERGED from [com.google.android.gms:play-services-places-license:11.6.0] AndroidManifest.xml:2:1-6:12
MERGED from [com.google.android.gms:play-services-plus-license:11.6.0] AndroidManifest.xml:2:1-6:12
MERGED from [com.google.android.gms:play-services-safetynet-license:11.6.0] AndroidManifest.xml:2:1-6:12
MERGED from [com.google.android.gms:play-services-tagmanager-api-license:11.6.0] AndroidManifest.xml:2:1-6:12
MERGED from [com.google.android.gms:play-services-tagmanager-license:11.6.0] AndroidManifest.xml:2:1-6:12
MERGED from [com.google.android.gms:play-services-tagmanager-v4-impl-license:11.6.0] AndroidManifest.xml:2:1-6:12
MERGED from [com.google.android.gms:play-services-vision-common-license:11.6.0] AndroidManifest.xml:2:1-6:12
MERGED from [com.google.android.gms:play-services-vision-license:11.6.0] AndroidManifest.xml:2:1-6:12
MERGED from [com.google.android.gms:play-services-wallet-license:11.6.0] AndroidManifest.xml:2:1-6:12
MERGED from [com.google.android.gms:play-services-wearable-license:11.6.0] AndroidManifest.xml:2:1-6:12
INJECTED from src/main/AndroidManifest.xml:2:1-494:12
INJECTED from src/main/AndroidManifest.xml:2:1-494:12
INJECTED from src/main/AndroidManifest.xml:2:1-494:12
	package
		ADDED from src/main/AndroidManifest.xml:3:5-22
		INJECTED from src/main/AndroidManifest.xml
		INJECTED from src/main/AndroidManifest.xml
	android:versionName
		ADDED from src/main/AndroidManifest.xml:5:5-30
		INJECTED from src/main/AndroidManifest.xml
		INJECTED from src/main/AndroidManifest.xml
	xmlns:android
		ADDED from src/main/AndroidManifest.xml:2:11-69
	android:versionCode
		ADDED from src/main/AndroidManifest.xml:4:5-29
		INJECTED from src/main/AndroidManifest.xml
		INJECTED from src/main/AndroidManifest.xml
permission#com.tnc.permission.C2D_MESSAGE
ADDED from src/main/AndroidManifest.xml:8:5-10:47
MERGED from [com.google.firebase:firebase-iid:11.6.0] AndroidManifest.xml:25:5-109
	android:protectionLevel
		ADDED from src/main/AndroidManifest.xml:10:9-44
	android:name
		ADDED from src/main/AndroidManifest.xml:9:9-54
supports-screens
ADDED from src/main/AndroidManifest.xml:12:5-17:41
	android:largeScreens
		ADDED from src/main/AndroidManifest.xml:13:9-36
	android:smallScreens
		ADDED from src/main/AndroidManifest.xml:16:9-36
	android:normalScreens
		ADDED from src/main/AndroidManifest.xml:14:9-37
	android:xlargeScreens
		ADDED from src/main/AndroidManifest.xml:17:9-38
	android:resizeable
		ADDED from src/main/AndroidManifest.xml:15:9-34
uses-permission#android.permission.WRITE_SECURE_SETTINGS
ADDED from src/main/AndroidManifest.xml:98:5-80
	android:name
		ADDED from src/main/AndroidManifest.xml:98:22-77
uses-permission#android.permission.WRITE_SETTINGS
ADDED from src/main/AndroidManifest.xml:99:5-73
	android:name
		ADDED from src/main/AndroidManifest.xml:99:22-70
uses-permission#com.tnc.permission.C2D_MESSAGE
ADDED from src/main/AndroidManifest.xml:100:5-70
MERGED from [com.google.firebase:firebase-iid:11.6.0] AndroidManifest.xml:27:5-78
	android:name
		ADDED from src/main/AndroidManifest.xml:100:22-67
uses-permission#com.android.vending.BILLING
ADDED from src/main/AndroidManifest.xml:101:5-67
	android:name
		ADDED from src/main/AndroidManifest.xml:101:22-64
uses-permission#com.google.android.c2dm.permission.RECEIVE
ADDED from src/main/AndroidManifest.xml:103:5-82
MERGED from [com.google.android.gms:play-services-gcm:11.6.0] AndroidManifest.xml:20:5-81
MERGED from [com.google.android.gms:play-services-gcm:11.6.0] AndroidManifest.xml:20:5-81
MERGED from [com.google.android.gms:play-services-iid:11.6.0] AndroidManifest.xml:20:5-81
MERGED from [com.google.android.gms:play-services-iid:11.6.0] AndroidManifest.xml:20:5-81
MERGED from [com.google.firebase:firebase-iid:11.6.0] AndroidManifest.xml:23:5-81
MERGED from [com.google.firebase:firebase-iid:11.6.0] AndroidManifest.xml:23:5-81
	android:name
		ADDED from src/main/AndroidManifest.xml:103:22-79
uses-permission#com.tnc.permission.MAPS_RECEIVE
ADDED from src/main/AndroidManifest.xml:104:5-71
	android:name
		ADDED from src/main/AndroidManifest.xml:104:22-68
uses-permission#com.google.android.providers.gsf.permission.READ_GSERVICES
ADDED from src/main/AndroidManifest.xml:105:5-98
	android:name
		ADDED from src/main/AndroidManifest.xml:105:22-95
uses-permission#android.permission.WRITE_EXTERNAL_STORAGE
ADDED from src/main/AndroidManifest.xml:106:5-81
	android:name
		ADDED from src/main/AndroidManifest.xml:106:22-78
uses-permission#android.permission.READ_EXTERNAL_STORAGE
ADDED from src/main/AndroidManifest.xml:107:5-80
	android:name
		ADDED from src/main/AndroidManifest.xml:107:22-77
uses-permission#android.permission.READ_PHONE_STATE
ADDED from src/main/AndroidManifest.xml:108:5-75
	android:name
		ADDED from src/main/AndroidManifest.xml:108:22-72
uses-permission#android.permission.PROCESS_OUTGOING_CALLS
ADDED from src/main/AndroidManifest.xml:109:5-81
	android:name
		ADDED from src/main/AndroidManifest.xml:109:22-78
uses-permission#android.permission.PROCESS_INCOMING_CALLS
ADDED from src/main/AndroidManifest.xml:110:5-81
	android:name
		ADDED from src/main/AndroidManifest.xml:110:22-78
uses-permission#android.permission.MODIFY_AUDIO_SETTINGS
ADDED from src/main/AndroidManifest.xml:111:5-80
	android:name
		ADDED from src/main/AndroidManifest.xml:111:22-77
uses-permission#android.permission.MODIFY_PHONE_STATE
ADDED from src/main/AndroidManifest.xml:112:5-77
	android:name
		ADDED from src/main/AndroidManifest.xml:112:22-74
uses-permission#android.permission.READ_CONTACTS
ADDED from src/main/AndroidManifest.xml:113:5-72
	android:name
		ADDED from src/main/AndroidManifest.xml:113:22-69
uses-permission#android.permission.read_phone_state
ADDED from src/main/AndroidManifest.xml:114:5-75
	android:name
		ADDED from src/main/AndroidManifest.xml:114:22-72
uses-permission#android.permission.READ_CALL_LOG
ADDED from src/main/AndroidManifest.xml:115:5-72
	android:name
		ADDED from src/main/AndroidManifest.xml:115:22-69
uses-permission#android.permission.READ_PROFILE
ADDED from src/main/AndroidManifest.xml:116:5-71
	android:name
		ADDED from src/main/AndroidManifest.xml:116:22-68
uses-permission#android.permission.WRITE_CONTACTS
ADDED from src/main/AndroidManifest.xml:117:5-73
	android:name
		ADDED from src/main/AndroidManifest.xml:117:22-70
uses-permission#android.permission.SEND_SMS
ADDED from src/main/AndroidManifest.xml:118:5-67
	android:name
		ADDED from src/main/AndroidManifest.xml:118:22-64
uses-permission#android.permission.ACCESS_WIFI_STATE
ADDED from src/main/AndroidManifest.xml:119:5-76
	android:name
		ADDED from src/main/AndroidManifest.xml:119:22-73
uses-permission#android.permission.INTERNET
ADDED from src/main/AndroidManifest.xml:120:5-67
MERGED from [com.google.android.gms:play-services-maps:11.6.0] AndroidManifest.xml:20:5-66
MERGED from [com.google.android.gms:play-services-maps:11.6.0] AndroidManifest.xml:20:5-66
MERGED from [com.google.android.gms:play-services-analytics:11.6.0] AndroidManifest.xml:20:5-66
MERGED from [com.google.android.gms:play-services-analytics:11.6.0] AndroidManifest.xml:20:5-66
MERGED from [com.google.android.gms:play-services-analytics-impl:11.6.0] AndroidManifest.xml:20:5-66
MERGED from [com.google.android.gms:play-services-analytics-impl:11.6.0] AndroidManifest.xml:20:5-66
MERGED from [com.google.android.gms:play-services-appinvite:11.6.0] AndroidManifest.xml:18:5-66
MERGED from [com.google.android.gms:play-services-appinvite:11.6.0] AndroidManifest.xml:18:5-66
MERGED from [com.google.android.gms:play-services-gcm:11.6.0] AndroidManifest.xml:21:5-66
MERGED from [com.google.android.gms:play-services-gcm:11.6.0] AndroidManifest.xml:21:5-66
MERGED from [com.google.android.gms:play-services-iid:11.6.0] AndroidManifest.xml:21:5-66
MERGED from [com.google.android.gms:play-services-iid:11.6.0] AndroidManifest.xml:21:5-66
MERGED from [com.google.firebase:firebase-crash:11.6.0] AndroidManifest.xml:18:5-66
MERGED from [com.google.firebase:firebase-crash:11.6.0] AndroidManifest.xml:18:5-66
MERGED from [com.google.android.gms:play-services-tagmanager-api:11.6.0] AndroidManifest.xml:20:5-66
MERGED from [com.google.android.gms:play-services-tagmanager-api:11.6.0] AndroidManifest.xml:20:5-66
MERGED from [com.google.firebase:firebase-analytics:11.6.0] AndroidManifest.xml:20:5-66
MERGED from [com.google.firebase:firebase-analytics:11.6.0] AndroidManifest.xml:20:5-66
MERGED from [com.google.firebase:firebase-analytics-impl:11.6.0] AndroidManifest.xml:20:5-66
MERGED from [com.google.firebase:firebase-analytics-impl:11.6.0] AndroidManifest.xml:20:5-66
MERGED from [com.google.firebase:firebase-iid:11.6.0] AndroidManifest.xml:20:5-66
MERGED from [com.google.firebase:firebase-iid:11.6.0] AndroidManifest.xml:20:5-66
MERGED from [com.google.android.gms:play-services-ads-lite:11.6.0] AndroidManifest.xml:19:5-66
MERGED from [com.google.android.gms:play-services-ads-lite:11.6.0] AndroidManifest.xml:19:5-66
	android:name
		ADDED from src/main/AndroidManifest.xml:120:22-64
uses-permission#android.permission.RECEIVE_SMS
ADDED from src/main/AndroidManifest.xml:121:5-70
	android:name
		ADDED from src/main/AndroidManifest.xml:121:22-67
uses-permission#android.permission.READ_SMS
ADDED from src/main/AndroidManifest.xml:122:5-67
	android:name
		ADDED from src/main/AndroidManifest.xml:122:22-64
uses-permission#android.permission.CAMERA
ADDED from src/main/AndroidManifest.xml:125:5-65
	android:name
		ADDED from src/main/AndroidManifest.xml:125:22-62
uses-permission#android.permission.RECORD_AUDIO
ADDED from src/main/AndroidManifest.xml:126:5-71
	android:name
		ADDED from src/main/AndroidManifest.xml:126:22-68
uses-permission#android.permission.CALL_PHONE
ADDED from src/main/AndroidManifest.xml:127:5-69
	android:name
		ADDED from src/main/AndroidManifest.xml:127:22-66
uses-permission#android.permission.CALL_PRIVILEGED
ADDED from src/main/AndroidManifest.xml:128:5-74
	android:name
		ADDED from src/main/AndroidManifest.xml:128:22-71
uses-permission#android.permission.WRITE_SOCIAL_STREAM
ADDED from src/main/AndroidManifest.xml:130:5-78
	android:name
		ADDED from src/main/AndroidManifest.xml:130:22-75
uses-permission#android.permission.WRITE_PROFILE
ADDED from src/main/AndroidManifest.xml:131:5-72
	android:name
		ADDED from src/main/AndroidManifest.xml:131:22-69
uses-permission#android.permissiotn.READ_CALL_LOG
ADDED from src/main/AndroidManifest.xml:132:5-73
	android:name
		ADDED from src/main/AndroidManifest.xml:132:22-70
uses-permission#android.permission.WRITE_CALL_LOG
ADDED from src/main/AndroidManifest.xml:133:5-73
	android:name
		ADDED from src/main/AndroidManifest.xml:133:22-70
uses-permission#android.permission.ACCESS_FINE_LOCATION
ADDED from src/main/AndroidManifest.xml:135:5-79
	android:name
		ADDED from src/main/AndroidManifest.xml:135:22-76
uses-permission#android.permission.ACCESS_COARSE_LOCATION
ADDED from src/main/AndroidManifest.xml:136:5-81
	android:name
		ADDED from src/main/AndroidManifest.xml:136:22-78
uses-permission#android.permission.SYSTEM_ALERT_WINDOW
ADDED from src/main/AndroidManifest.xml:137:5-78
	android:name
		ADDED from src/main/AndroidManifest.xml:137:22-75
uses-permission#android.permission.BLUETOOTH
ADDED from src/main/AndroidManifest.xml:138:5-68
	android:name
		ADDED from src/main/AndroidManifest.xml:138:22-65
uses-permission#android.permission.BLUETOOTH_ADMIN
ADDED from src/main/AndroidManifest.xml:139:5-74
	android:name
		ADDED from src/main/AndroidManifest.xml:139:22-71
uses-permission#com.android.browser.permission.READ_HISTORY_BOOKMARKS
ADDED from src/main/AndroidManifest.xml:141:5-93
	android:name
		ADDED from src/main/AndroidManifest.xml:141:22-90
uses-permission#com.sec.android.provider.badge.permission.READ
ADDED from src/main/AndroidManifest.xml:145:5-86
MERGED from [me.leolin:ShortcutBadger:1.1.16] AndroidManifest.xml:19:5-86
MERGED from [me.leolin:ShortcutBadger:1.1.16] AndroidManifest.xml:19:5-86
	android:name
		ADDED from src/main/AndroidManifest.xml:145:22-83
uses-permission#com.sec.android.provider.badge.permission.WRITE
ADDED from src/main/AndroidManifest.xml:146:5-87
MERGED from [me.leolin:ShortcutBadger:1.1.16] AndroidManifest.xml:20:5-87
MERGED from [me.leolin:ShortcutBadger:1.1.16] AndroidManifest.xml:20:5-87
	android:name
		ADDED from src/main/AndroidManifest.xml:146:22-84
uses-permission#com.htc.launcher.permission.READ_SETTINGS
ADDED from src/main/AndroidManifest.xml:149:5-81
MERGED from [me.leolin:ShortcutBadger:1.1.16] AndroidManifest.xml:23:5-81
MERGED from [me.leolin:ShortcutBadger:1.1.16] AndroidManifest.xml:23:5-81
	android:name
		ADDED from src/main/AndroidManifest.xml:149:22-78
uses-permission#com.htc.launcher.permission.UPDATE_SHORTCUT
ADDED from src/main/AndroidManifest.xml:150:5-83
MERGED from [me.leolin:ShortcutBadger:1.1.16] AndroidManifest.xml:24:5-83
MERGED from [me.leolin:ShortcutBadger:1.1.16] AndroidManifest.xml:24:5-83
	android:name
		ADDED from src/main/AndroidManifest.xml:150:22-80
uses-permission#com.sonyericsson.home.permission.BROADCAST_BADGE
ADDED from src/main/AndroidManifest.xml:153:5-88
MERGED from [me.leolin:ShortcutBadger:1.1.16] AndroidManifest.xml:27:5-88
MERGED from [me.leolin:ShortcutBadger:1.1.16] AndroidManifest.xml:27:5-88
	android:name
		ADDED from src/main/AndroidManifest.xml:153:22-85
uses-permission#com.sonymobile.home.permission.PROVIDER_INSERT_BADGE
ADDED from src/main/AndroidManifest.xml:154:5-92
MERGED from [me.leolin:ShortcutBadger:1.1.16] AndroidManifest.xml:28:5-92
MERGED from [me.leolin:ShortcutBadger:1.1.16] AndroidManifest.xml:28:5-92
	android:name
		ADDED from src/main/AndroidManifest.xml:154:22-89
uses-permission#com.anddoes.launcher.permission.UPDATE_COUNT
ADDED from src/main/AndroidManifest.xml:157:5-84
MERGED from [me.leolin:ShortcutBadger:1.1.16] AndroidManifest.xml:31:5-84
MERGED from [me.leolin:ShortcutBadger:1.1.16] AndroidManifest.xml:31:5-84
	android:name
		ADDED from src/main/AndroidManifest.xml:157:22-81
uses-permission#com.majeur.launcher.permission.UPDATE_BADGE
ADDED from src/main/AndroidManifest.xml:160:5-83
MERGED from [me.leolin:ShortcutBadger:1.1.16] AndroidManifest.xml:34:5-83
MERGED from [me.leolin:ShortcutBadger:1.1.16] AndroidManifest.xml:34:5-83
	android:name
		ADDED from src/main/AndroidManifest.xml:160:22-80
uses-permission#com.huawei.android.launcher.permission.CHANGE_BADGE
ADDED from src/main/AndroidManifest.xml:163:5-91
MERGED from [me.leolin:ShortcutBadger:1.1.16] AndroidManifest.xml:37:5-91
MERGED from [me.leolin:ShortcutBadger:1.1.16] AndroidManifest.xml:37:5-91
	android:name
		ADDED from src/main/AndroidManifest.xml:163:22-88
uses-permission#com.huawei.android.launcher.permission.READ_SETTINGS
ADDED from src/main/AndroidManifest.xml:164:5-92
MERGED from [me.leolin:ShortcutBadger:1.1.16] AndroidManifest.xml:38:5-92
MERGED from [me.leolin:ShortcutBadger:1.1.16] AndroidManifest.xml:38:5-92
	android:name
		ADDED from src/main/AndroidManifest.xml:164:22-89
uses-permission#com.huawei.android.launcher.permission.WRITE_SETTINGS
ADDED from src/main/AndroidManifest.xml:165:5-93
MERGED from [me.leolin:ShortcutBadger:1.1.16] AndroidManifest.xml:39:5-93
MERGED from [me.leolin:ShortcutBadger:1.1.16] AndroidManifest.xml:39:5-93
	android:name
		ADDED from src/main/AndroidManifest.xml:165:22-90
uses-permission#com.android.launcher.permission.UPDATE_BADGE
ADDED from src/main/AndroidManifest.xml:168:5-84
	android:name
		ADDED from src/main/AndroidManifest.xml:168:22-81
uses-permission#com.android.launcher.permission.UPDATE_COUNT
ADDED from src/main/AndroidManifest.xml:169:5-84
	android:name
		ADDED from src/main/AndroidManifest.xml:169:22-81
uses-permission#com.android.launcher.permission.BROADCAST_BADGE
ADDED from src/main/AndroidManifest.xml:170:5-87
	android:name
		ADDED from src/main/AndroidManifest.xml:170:22-84
uses-feature#android.hardware.telephony
ADDED from src/main/AndroidManifest.xml:173:5-175:35
	android:required
		ADDED from src/main/AndroidManifest.xml:175:9-32
	android:name
		ADDED from src/main/AndroidManifest.xml:174:9-50
uses-feature#android.hardware.location.gps
ADDED from src/main/AndroidManifest.xml:176:5-66
	android:name
		ADDED from src/main/AndroidManifest.xml:176:19-63
uses-permission#android.permission.GET_ACCOUNTS
ADDED from src/main/AndroidManifest.xml:179:5-71
	android:name
		ADDED from src/main/AndroidManifest.xml:179:22-68
uses-permission#android.permission.WAKE_LOCK
ADDED from src/main/AndroidManifest.xml:182:5-68
MERGED from [com.google.android.gms:play-services-analytics:11.6.0] AndroidManifest.xml:24:5-67
MERGED from [com.google.android.gms:play-services-analytics:11.6.0] AndroidManifest.xml:24:5-67
MERGED from [com.google.android.gms:play-services-analytics-impl:11.6.0] AndroidManifest.xml:24:5-67
MERGED from [com.google.android.gms:play-services-analytics-impl:11.6.0] AndroidManifest.xml:24:5-67
MERGED from [com.google.firebase:firebase-analytics:11.6.0] AndroidManifest.xml:22:5-67
MERGED from [com.google.firebase:firebase-analytics:11.6.0] AndroidManifest.xml:22:5-67
MERGED from [com.google.firebase:firebase-analytics-impl:11.6.0] AndroidManifest.xml:22:5-67
MERGED from [com.google.firebase:firebase-analytics-impl:11.6.0] AndroidManifest.xml:22:5-67
MERGED from [com.google.firebase:firebase-iid:11.6.0] AndroidManifest.xml:21:5-67
MERGED from [com.google.firebase:firebase-iid:11.6.0] AndroidManifest.xml:21:5-67
	android:name
		ADDED from src/main/AndroidManifest.xml:182:22-65
uses-permission#android.permission.ACCESS_NETWORK_STATE
ADDED from src/main/AndroidManifest.xml:185:5-79
MERGED from [com.google.android.gms:play-services-maps:11.6.0] AndroidManifest.xml:19:5-78
MERGED from [com.google.android.gms:play-services-maps:11.6.0] AndroidManifest.xml:19:5-78
MERGED from [com.google.android.gms:play-services-analytics:11.6.0] AndroidManifest.xml:21:5-78
MERGED from [com.google.android.gms:play-services-analytics:11.6.0] AndroidManifest.xml:21:5-78
MERGED from [com.google.android.gms:play-services-analytics-impl:11.6.0] AndroidManifest.xml:21:5-78
MERGED from [com.google.android.gms:play-services-analytics-impl:11.6.0] AndroidManifest.xml:21:5-78